<?xml version="1.0" encoding="UTF-8"?>
<testng-results ignored="0" total="2" passed="2" failed="0" skipped="0">
  <reporter-output>
  </reporter-output>
  <suite started-at="2024-08-01T16:59:55 CDT" name="Default suite" finished-at="2024-08-01T17:00:26 CDT" duration-ms="30164">
    <groups>
    </groups>
    <test started-at="2024-08-01T16:59:55 CDT" name="Default test" finished-at="2024-08-01T17:00:26 CDT" duration-ms="30164">
      <class name="LoginPageTest">
        <test-method is-config="true" signature="readConfig()[pri:0, instance:LoginPageTest@272113c4]" started-at="2024-08-01T16:59:56 CDT" name="readConfig" finished-at="2024-08-01T16:59:56 CDT" duration-ms="21" status="PASS">
          <reporter-output>
          </reporter-output>
        </test-method> <!-- readConfig -->
        <test-method is-config="true" signature="init()[pri:0, instance:LoginPageTest@272113c4]" started-at="2024-08-01T16:59:56 CDT" name="init" finished-at="2024-08-01T16:59:59 CDT" duration-ms="3857" status="PASS">
          <reporter-output>
          </reporter-output>
        </test-method> <!-- init -->
        <test-method signature="addCustomer()[pri:0, instance:LoginPageTest@272113c4]" started-at="2024-08-01T16:59:59 CDT" name="addCustomer" finished-at="2024-08-01T17:00:12 CDT" duration-ms="12711" status="PASS">
          <reporter-output>
          </reporter-output>
        </test-method> <!-- addCustomer -->
        <test-method is-config="true" signature="tearDownn()[pri:0, instance:LoginPageTest@272113c4]" started-at="2024-08-01T17:00:12 CDT" name="tearDownn" finished-at="2024-08-01T17:00:12 CDT" duration-ms="314" status="PASS">
          <reporter-output>
          </reporter-output>
        </test-method> <!-- tearDownn -->
        <test-method is-config="true" signature="init()[pri:0, instance:LoginPageTest@272113c4]" started-at="2024-08-01T17:00:12 CDT" name="init" finished-at="2024-08-01T17:00:16 CDT" duration-ms="3247" status="PASS">
          <reporter-output>
          </reporter-output>
        </test-method> <!-- init -->
        <test-method signature="loginTest()[pri:0, instance:LoginPageTest@272113c4]" started-at="2024-08-01T17:00:16 CDT" name="loginTest" finished-at="2024-08-01T17:00:25 CDT" duration-ms="9700" status="PASS">
          <reporter-output>
          </reporter-output>
        </test-method> <!-- loginTest -->
        <test-method is-config="true" signature="tearDownn()[pri:0, instance:LoginPageTest@272113c4]" started-at="2024-08-01T17:00:25 CDT" name="tearDownn" finished-at="2024-08-01T17:00:26 CDT" duration-ms="251" status="PASS">
          <reporter-output>
          </reporter-output>
        </test-method> <!-- tearDownn -->
      </class> <!-- LoginPageTest -->
    </test> <!-- Default test -->
  </suite> <!-- Default suite -->
</testng-results>
